<?xml version="1.0" encoding="utf-8"?><testsuites name="pytest tests"><testsuite name="pytest" errors="0" failures="0" skipped="0" tests="5" time="1.224" timestamp="2026-06-02T08:45:41.325177+00:00" hostname="agent-env-5befe8ea-a653-4d49-ace7-1721f317b168"><testcase classname="backend.tests.test_lakebridge.TestHealthCheck" name="test_root_health" time="0.237" /><testcase classname="backend.tests.test_lakebridge.TestWaitlist" name="test_post_valid_email" time="0.199" /><testcase classname="backend.tests.test_lakebridge.TestWaitlist" name="test_post_duplicate_email" time="0.247" /><testcase classname="backend.tests.test_lakebridge.TestWaitlist" name="test_post_invalid_email" time="0.138" /><testcase classname="backend.tests.test_lakebridge.TestWaitlist" name="test_get_waitlist_count" time="0.155" /></testsuite></testsuites>