<?xml version="1.0" encoding="utf-8"?><testsuites name="pytest tests"><testsuite name="pytest" errors="0" failures="1" skipped="0" tests="4" time="0.729" timestamp="2026-06-02T09:02:56.003061+00:00" hostname="agent-env-5befe8ea-a653-4d49-ace7-1721f317b168"><testcase classname="backend.tests.test_iteration2.TestWaitlist" name="test_waitlist_new_signup" time="0.129"><failure message="AssertionError: assert 'existing' == 'success'&#10;  &#10;  - success&#10;  + existing">backend/tests/test_iteration2.py:16: in test_waitlist_new_signup
    assert data.get("status") == "success"
E   AssertionError: assert 'existing' == 'success'
E     
E     - success
E     + existing</failure></testcase><testcase classname="backend.tests.test_iteration2.TestWaitlist" name="test_waitlist_duplicate_email" time="0.270" /><testcase classname="backend.tests.test_iteration2.TestWaitlist" name="test_waitlist_no_api_key_no_500" time="0.150" /><testcase classname="backend.tests.test_iteration2.TestWaitlist" name="test_waitlist_count" time="0.102" /></testsuite></testsuites>